2022-12-27 10:13:51 - Found child process: 20096 Name: conhost.exe
2022-12-27 10:13:51 - Found child process: 9664 Name: node.exe
2022-12-27 10:13:51 - Stopping process 20096
2022-12-27 10:13:51 - Send SIGINT 20096
2022-12-27 10:13:52 - SIGINT to 20096 failed - Killing as fallback
2022-12-27 10:13:53 - Stopping process 9664
2022-12-27 10:13:53 - Send SIGINT 9664
2022-12-27 10:13:53 - SIGINT to 9664 failed - Killing as fallback
2022-12-27 10:13:53 - Stopping process 17560
2022-12-27 10:13:53 - Send SIGINT 17560
2022-12-27 10:13:53 - SIGINT to 17560 failed - Killing as fallback
2022-12-27 10:13:53 - Finished injettvcomentais.exe
2022-12-27 10:15:56 - Starting C:\Program Files\nodejs\node.exe  --harmony C:\Users\simone\Documents\desenvolvimento\injettv-produto\node_modules\node-windows\lib\wrapper.js --file C:\Users\simone\Documents\desenvolvimento\injettv-produto\www --scriptoptions=start --log "InjetTv-Comentais wrapper" --grow 0.25 --wait 1 --maxrestarts 3 --abortonerror n --stopparentfirst undefined
2022-12-27 10:15:57 - Started 21232
2022-12-28 08:47:41 - Starting C:\Program Files\nodejs\node.exe  --harmony C:\Users\simone\Documents\desenvolvimento\injettv-produto\node_modules\node-windows\lib\wrapper.js --file C:\Users\simone\Documents\desenvolvimento\injettv-produto\www --scriptoptions=start --log "InjetTv-Comentais wrapper" --grow 0.25 --wait 1 --maxrestarts 3 --abortonerror n --stopparentfirst undefined
2022-12-28 08:47:41 - Started 7040
2022-12-28 08:52:02 - Starting C:\Program Files\nodejs\node.exe  --harmony C:\Users\simone\Documents\desenvolvimento\injettv-produto\node_modules\node-windows\lib\wrapper.js --file C:\Users\simone\Documents\desenvolvimento\injettv-produto\www --scriptoptions=start --log "InjetTv-Comentais wrapper" --grow 0.25 --wait 1 --maxrestarts 3 --abortonerror n --stopparentfirst undefined
2022-12-28 08:52:02 - Started 21668
2023-01-02 08:01:46 - Stopping injettvcomentais.exe
2023-01-02 08:01:47 - ProcessKill 21668
2023-01-02 08:02:11 - Shutdown exception
Message:The type initializer for 'System.Management.ManagementPath' threw an exception.
Stacktrace:   at System.Management.ManagementScope._Clone(ManagementScope scope, IdentifierChangedEventHandler handler)
   at System.Management.ManagementObjectSearcher..ctor(ManagementScope scope, ObjectQuery query, EnumerationOptions options)
   at winsw.WrapperService.GetChildPids(Int32 pid)
   at winsw.WrapperService.StopProcessAndChildren(Int32 pid)
   at winsw.WrapperService.StopIt()
   at winsw.WrapperService.OnShutdown()
2023-01-02 08:05:48 - Starting C:\Program Files\nodejs\node.exe  --harmony C:\Users\simone\Documents\desenvolvimento\injettv-produto\node_modules\node-windows\lib\wrapper.js --file C:\Users\simone\Documents\desenvolvimento\injettv-produto\www --scriptoptions=start --log "InjetTv-Comentais wrapper" --grow 0.25 --wait 1 --maxrestarts 3 --abortonerror n --stopparentfirst undefined
2023-01-02 08:05:49 - Started 3276
2023-01-02 08:06:48 - Stopping injettvcomentais.exe
2023-01-02 08:06:48 - ProcessKill 3276
2023-01-02 08:07:15 - Shutdown exception
Message:A mídia está protegida contra gravação. (Exception from HRESULT: 0x80070013)
Stacktrace:   at System.Runtime.InteropServices.Marshal.ThrowExceptionForHRInternal(Int32 errorCode, IntPtr errorInfo)
   at System.Management.ManagementScope.InitializeGuts(Object o)
   at System.Management.ManagementScope.Initialize()
   at System.Management.ManagementObjectSearcher.Initialize()
   at System.Management.ManagementObjectSearcher.Get()
   at winsw.WrapperService.GetChildPids(Int32 pid)
   at winsw.WrapperService.StopProcessAndChildren(Int32 pid)
   at winsw.WrapperService.StopIt()
   at winsw.WrapperService.OnShutdown()
2023-01-02 08:42:05 - Starting C:\Program Files\nodejs\node.exe  --harmony C:\Users\simone\Documents\desenvolvimento\injettv-produto\node_modules\node-windows\lib\wrapper.js --file C:\Users\simone\Documents\desenvolvimento\injettv-produto\www --scriptoptions=start --log "InjetTv-Comentais wrapper" --grow 0.25 --wait 1 --maxrestarts 3 --abortonerror n --stopparentfirst undefined
2023-01-02 08:42:06 - Started 1488
